Collecting data 2023-04-01 
Collecting data 2023-04-01 on 2023-04-17 17:07:27.441308
Total duration time: 0:02:17.354503
Collecting data 2023-04-02 
Collecting data 2023-04-02 on 2023-04-17 17:10:38.587988
Total duration time: 0:01:33.857230
Collecting data 2023-04-03 
Collecting data 2023-04-03 on 2023-04-17 17:13:03.336447
Total duration time: 0:01:37.230449
Collecting data 2023-04-04 
Collecting data 2023-04-04 on 2023-04-17 17:15:33.558258
    ENIQ5 Processing done with duration: 0:00:41.907571
    WRAN2 Processing done with duration: 0:01:28.735865
Total duration time: 0:01:37.790895
Collecting data 2023-04-05 
Collecting data 2023-04-05 on 2023-04-17 17:18:05.791268
Total duration time: 0:01:40.510348
Collecting data 2023-04-06 
Collecting data 2023-04-06 on 2023-04-17 17:20:39.360057
Total duration time: 0:01:35.440445
Collecting data 2023-04-07 
Collecting data 2023-04-07 on 2023-04-17 17:23:12.466985
Total duration time: 0:01:43.846155
Collecting data 2023-04-08 
Collecting data 2023-04-08 on 2023-04-17 17:25:50.395736
Total duration time: 0:01:52.932120
Collecting data 2023-04-09 
Collecting data 2023-04-09 on 2023-04-17 17:28:38.256647
    ENIQ5 Processing done with duration: 0:00:36.595664
Total duration time: 0:01:34.595135
Collecting data 2023-04-10 
Collecting data 2023-04-10 on 2023-04-17 17:31:43.543167
Total duration time: 0:01:41.686600
Collecting data 2023-04-11 
Collecting data 2023-04-11 on 2023-04-17 17:34:58.826311
    WRAN2 Processing done with duration: 0:01:46.945254
Total duration time: 0:01:47.631558
Collecting data 2023-04-12 
Collecting data 2023-04-12 on 2023-04-17 17:38:17.478082
Total duration time: 0:01:54.253404
Collecting data 2023-04-13 
Collecting data 2023-04-13 on 2023-04-17 17:41:40.801366
    ENIQ5 Processing done with duration: 0:00:44.000433
Total duration time: 0:01:51.711068
Collecting data 2023-04-14 
Collecting data 2023-04-14 on 2023-04-17 17:45:00.146695
Total duration time: 0:01:59.935213
Collecting data 2023-04-15 
Collecting data 2023-04-15 on 2023-04-17 17:48:07.305564
Total duration time: 0:01:54.007081
start date: 2023-04-06 00:00:00
stop date: 2023-04-14 23:59:00
0. Calculating KPI 20230406 00 ------------------------
0. Calculating KPI 20230406 01 ------------------------
0. Calculating KPI 20230406 02 ------------------------
0. Calculating KPI 20230406 03 ------------------------
0. Calculating KPI 20230406 04 ------------------------
0. Calculating KPI 20230406 05 ------------------------
0. Calculating KPI 20230406 06 ------------------------
0. Calculating KPI 20230406 07 ------------------------
0. Calculating KPI 20230406 08 ------------------------
0. Calculating KPI 20230406 09 ------------------------
0. Calculating KPI 20230406 10 ------------------------
0. Calculating KPI 20230406 11 ------------------------
0. Calculating KPI 20230406 12 ------------------------
0. Calculating KPI 20230406 13 ------------------------
0. Calculating KPI 20230406 14 ------------------------
0. Calculating KPI 20230406 15 ------------------------
0. Calculating KPI 20230406 16 ------------------------
0. Calculating KPI 20230406 17 ------------------------
0. Calculating KPI 20230406 18 ------------------------
0. Calculating KPI 20230406 19 ------------------------
0. Calculating KPI 20230406 20 ------------------------
0. Calculating KPI 20230406 21 ------------------------
0. Calculating KPI 20230406 22 ------------------------
0. Calculating KPI 20230406 23 ------------------------
0. Calculating KPI 20230407 00 ------------------------
0. Calculating KPI 20230407 01 ------------------------
0. Calculating KPI 20230407 02 ------------------------
0. Calculating KPI 20230407 03 ------------------------
0. Calculating KPI 20230407 04 ------------------------
0. Calculating KPI 20230407 05 ------------------------
0. Calculating KPI 20230407 06 ------------------------
0. Calculating KPI 20230407 07 ------------------------
0. Calculating KPI 20230407 08 ------------------------
0. Calculating KPI 20230407 09 ------------------------
0. Calculating KPI 20230407 10 ------------------------
0. Calculating KPI 20230407 11 ------------------------
0. Calculating KPI 20230407 12 ------------------------
0. Calculating KPI 20230407 13 ------------------------
0. Calculating KPI 20230407 14 ------------------------
0. Calculating KPI 20230407 15 ------------------------
0. Calculating KPI 20230407 16 ------------------------
0. Calculating KPI 20230407 17 ------------------------
0. Calculating KPI 20230407 18 ------------------------
0. Calculating KPI 20230407 19 ------------------------
0. Calculating KPI 20230407 20 ------------------------
0. Calculating KPI 20230407 21 ------------------------
0. Calculating KPI 20230407 22 ------------------------
0. Calculating KPI 20230407 23 ------------------------
0. Calculating KPI 20230408 00 ------------------------
0. Calculating KPI 20230408 01 ------------------------
0. Calculating KPI 20230408 02 ------------------------
0. Calculating KPI 20230408 03 ------------------------
0. Calculating KPI 20230408 04 ------------------------
0. Calculating KPI 20230408 05 ------------------------
0. Calculating KPI 20230408 06 ------------------------
0. Calculating KPI 20230408 07 ------------------------
0. Calculating KPI 20230408 08 ------------------------
0. Calculating KPI 20230408 09 ------------------------
0. Calculating KPI 20230408 10 ------------------------
0. Calculating KPI 20230408 11 ------------------------
0. Calculating KPI 20230408 12 ------------------------
0. Calculating KPI 20230408 13 ------------------------
0. Calculating KPI 20230408 14 ------------------------
0. Calculating KPI 20230408 15 ------------------------
0. Calculating KPI 20230408 16 ------------------------
0. Calculating KPI 20230408 17 ------------------------
0. Calculating KPI 20230408 18 ------------------------
0. Calculating KPI 20230408 19 ------------------------
0. Calculating KPI 20230408 20 ------------------------
0. Calculating KPI 20230408 21 ------------------------
0. Calculating KPI 20230408 22 ------------------------
0. Calculating KPI 20230408 23 ------------------------
0. Calculating KPI 20230409 00 ------------------------
0. Calculating KPI 20230409 01 ------------------------
0. Calculating KPI 20230409 02 ------------------------
0. Calculating KPI 20230409 03 ------------------------
0. Calculating KPI 20230409 04 ------------------------
0. Calculating KPI 20230409 05 ------------------------
0. Calculating KPI 20230409 06 ------------------------
0. Calculating KPI 20230409 07 ------------------------
0. Calculating KPI 20230409 08 ------------------------
0. Calculating KPI 20230409 09 ------------------------
0. Calculating KPI 20230409 10 ------------------------
0. Calculating KPI 20230409 11 ------------------------
0. Calculating KPI 20230409 12 ------------------------
0. Calculating KPI 20230409 13 ------------------------
0. Calculating KPI 20230409 14 ------------------------
0. Calculating KPI 20230409 15 ------------------------
0. Calculating KPI 20230409 16 ------------------------
0. Calculating KPI 20230409 17 ------------------------
0. Calculating KPI 20230409 18 ------------------------
0. Calculating KPI 20230409 19 ------------------------
0. Calculating KPI 20230409 20 ------------------------
0. Calculating KPI 20230409 21 ------------------------
0. Calculating KPI 20230409 22 ------------------------
0. Calculating KPI 20230409 23 ------------------------
0. Calculating KPI 20230410 00 ------------------------
0. Calculating KPI 20230410 01 ------------------------
0. Calculating KPI 20230410 02 ------------------------
0. Calculating KPI 20230410 03 ------------------------
0. Calculating KPI 20230410 04 ------------------------
0. Calculating KPI 20230410 05 ------------------------
0. Calculating KPI 20230410 06 ------------------------
0. Calculating KPI 20230410 07 ------------------------
0. Calculating KPI 20230410 08 ------------------------
0. Calculating KPI 20230410 09 ------------------------
0. Calculating KPI 20230410 10 ------------------------
0. Calculating KPI 20230410 11 ------------------------
0. Calculating KPI 20230410 12 ------------------------
0. Calculating KPI 20230410 13 ------------------------
0. Calculating KPI 20230410 14 ------------------------
0. Calculating KPI 20230410 15 ------------------------
0. Calculating KPI 20230410 16 ------------------------
0. Calculating KPI 20230410 17 ------------------------
0. Calculating KPI 20230410 18 ------------------------
0. Calculating KPI 20230410 19 ------------------------
0. Calculating KPI 20230410 20 ------------------------
0. Calculating KPI 20230410 21 ------------------------
0. Calculating KPI 20230410 22 ------------------------
0. Calculating KPI 20230410 23 ------------------------
0. Calculating KPI 20230411 00 ------------------------
0. Calculating KPI 20230411 01 ------------------------
0. Calculating KPI 20230411 02 ------------------------
0. Calculating KPI 20230411 03 ------------------------
0. Calculating KPI 20230411 04 ------------------------
0. Calculating KPI 20230411 05 ------------------------
0. Calculating KPI 20230411 06 ------------------------
0. Calculating KPI 20230411 07 ------------------------
0. Calculating KPI 20230411 08 ------------------------
0. Calculating KPI 20230411 09 ------------------------
0. Calculating KPI 20230411 10 ------------------------
0. Calculating KPI 20230411 11 ------------------------
0. Calculating KPI 20230411 12 ------------------------
0. Calculating KPI 20230411 13 ------------------------
0. Calculating KPI 20230411 14 ------------------------
0. Calculating KPI 20230411 15 ------------------------
0. Calculating KPI 20230411 16 ------------------------
0. Calculating KPI 20230411 17 ------------------------
0. Calculating KPI 20230411 18 ------------------------
0. Calculating KPI 20230411 19 ------------------------
0. Calculating KPI 20230411 20 ------------------------
0. Calculating KPI 20230411 21 ------------------------
0. Calculating KPI 20230411 22 ------------------------
0. Calculating KPI 20230411 23 ------------------------
0. Calculating KPI 20230412 00 ------------------------
0. Calculating KPI 20230412 01 ------------------------
0. Calculating KPI 20230412 02 ------------------------
0. Calculating KPI 20230412 03 ------------------------
0. Calculating KPI 20230412 04 ------------------------
0. Calculating KPI 20230412 05 ------------------------
0. Calculating KPI 20230412 06 ------------------------
0. Calculating KPI 20230412 07 ------------------------
0. Calculating KPI 20230412 08 ------------------------
0. Calculating KPI 20230412 09 ------------------------
0. Calculating KPI 20230412 10 ------------------------
0. Calculating KPI 20230412 11 ------------------------
0. Calculating KPI 20230412 12 ------------------------
0. Calculating KPI 20230412 13 ------------------------
0. Calculating KPI 20230412 14 ------------------------
0. Calculating KPI 20230412 15 ------------------------
0. Calculating KPI 20230412 16 ------------------------
0. Calculating KPI 20230412 17 ------------------------
0. Calculating KPI 20230412 18 ------------------------
0. Calculating KPI 20230412 19 ------------------------
0. Calculating KPI 20230412 20 ------------------------
0. Calculating KPI 20230412 21 ------------------------
0. Calculating KPI 20230412 22 ------------------------
0. Calculating KPI 20230412 23 ------------------------
0. Calculating KPI 20230413 00 ------------------------
0. Calculating KPI 20230413 01 ------------------------
0. Calculating KPI 20230413 02 ------------------------
0. Calculating KPI 20230413 03 ------------------------
0. Calculating KPI 20230413 04 ------------------------
0. Calculating KPI 20230413 05 ------------------------
0. Calculating KPI 20230413 06 ------------------------
0. Calculating KPI 20230413 07 ------------------------
0. Calculating KPI 20230413 08 ------------------------
0. Calculating KPI 20230413 09 ------------------------
0. Calculating KPI 20230413 10 ------------------------
0. Calculating KPI 20230413 11 ------------------------
0. Calculating KPI 20230413 12 ------------------------
0. Calculating KPI 20230413 13 ------------------------
0. Calculating KPI 20230413 14 ------------------------
0. Calculating KPI 20230413 15 ------------------------
0. Calculating KPI 20230413 16 ------------------------
0. Calculating KPI 20230413 17 ------------------------
0. Calculating KPI 20230413 18 ------------------------
0. Calculating KPI 20230413 19 ------------------------
0. Calculating KPI 20230413 20 ------------------------
0. Calculating KPI 20230413 21 ------------------------
0. Calculating KPI 20230413 22 ------------------------
0. Calculating KPI 20230413 23 ------------------------
0. Calculating KPI 20230414 00 ------------------------
0. Calculating KPI 20230414 01 ------------------------
0. Calculating KPI 20230414 02 ------------------------
0. Calculating KPI 20230414 03 ------------------------
0. Calculating KPI 20230414 04 ------------------------
0. Calculating KPI 20230414 05 ------------------------
0. Calculating KPI 20230414 06 ------------------------
0. Calculating KPI 20230414 07 ------------------------
0. Calculating KPI 20230414 08 ------------------------
0. Calculating KPI 20230414 09 ------------------------
0. Calculating KPI 20230414 10 ------------------------
0. Calculating KPI 20230414 11 ------------------------
0. Calculating KPI 20230414 12 ------------------------
0. Calculating KPI 20230414 13 ------------------------
0. Calculating KPI 20230414 14 ------------------------
0. Calculating KPI 20230414 15 ------------------------
0. Calculating KPI 20230414 16 ------------------------
0. Calculating KPI 20230414 17 ------------------------
0. Calculating KPI 20230414 18 ------------------------
0. Calculating KPI 20230414 19 ------------------------
0. Calculating KPI 20230414 20 ------------------------
0. Calculating KPI 20230414 21 ------------------------
0. Calculating KPI 20230414 22 ------------------------
0. Calculating KPI 20230414 23 ------------------------
finish
