combining MDT 20220731
   Checking /var/opt/common5/mdt/20220731/00
   Checking /var/opt/common5/mdt/20220731/01
   Checking /var/opt/common5/mdt/20220731/02
   Checking /var/opt/common5/mdt/20220731/03
   Checking /var/opt/common5/mdt/20220731/04
   Checking /var/opt/common5/mdt/20220731/05
   Checking /var/opt/common5/mdt/20220731/06
   Checking /var/opt/common5/mdt/20220731/07
   Checking /var/opt/common5/mdt/20220731/08
   Checking /var/opt/common5/mdt/20220731/09
   Checking /var/opt/common5/mdt/20220731/10
   Checking /var/opt/common5/mdt/20220731/11
   Checking /var/opt/common5/mdt/20220731/12
   Checking /var/opt/common5/mdt/20220731/13
   Checking /var/opt/common5/mdt/20220731/14
   Checking /var/opt/common5/mdt/20220731/15
   Checking /var/opt/common5/mdt/20220731/16
   Checking /var/opt/common5/mdt/20220731/17
   Checking /var/opt/common5/mdt/20220731/18
   Checking /var/opt/common5/mdt/20220731/19
   Checking /var/opt/common5/mdt/20220731/20
   Checking /var/opt/common5/mdt/20220731/21
   Checking /var/opt/common5/mdt/20220731/22
   Checking /var/opt/common5/mdt/20220731/23
combining data for result_ue_cap done. Number of columns: 100
processing ue cap
   Checking /var/opt/common5/mdt/20220731/00
   Checking /var/opt/common5/mdt/20220731/01
   Checking /var/opt/common5/mdt/20220731/02
   Checking /var/opt/common5/mdt/20220731/03
   Checking /var/opt/common5/mdt/20220731/04
   Checking /var/opt/common5/mdt/20220731/05
   Checking /var/opt/common5/mdt/20220731/06
   Checking /var/opt/common5/mdt/20220731/07
   Checking /var/opt/common5/mdt/20220731/08
   Checking /var/opt/common5/mdt/20220731/09
   Checking /var/opt/common5/mdt/20220731/10
   Checking /var/opt/common5/mdt/20220731/11
   Checking /var/opt/common5/mdt/20220731/12
   Checking /var/opt/common5/mdt/20220731/13
   Checking /var/opt/common5/mdt/20220731/14
   Checking /var/opt/common5/mdt/20220731/15
   Checking /var/opt/common5/mdt/20220731/16
   Checking /var/opt/common5/mdt/20220731/17
   Checking /var/opt/common5/mdt/20220731/18
   Checking /var/opt/common5/mdt/20220731/19
   Checking /var/opt/common5/mdt/20220731/20
   Checking /var/opt/common5/mdt/20220731/21
   Checking /var/opt/common5/mdt/20220731/22
   Checking /var/opt/common5/mdt/20220731/23
combining data for mdt_result done. Number of columns: 9
mdt_result initial raw: 46166419
mdt_result valid raw: 46166419
Processing done, continue with pandas on 2022-08-01 14:19:36.392364
grid_mdt complete on 2022-08-01 14:20:11.314713
zipping grid mdt.....
   Binning 10mx10m RSRP...........
Processing done, continue with pandas on 2022-08-01 14:26:02.019252
grid10_mdt complete on 2022-08-01 14:28:59.774988
zipping grid mdt.....
   Checking /var/opt/common5/mdt/20220731/00
   Checking /var/opt/common5/mdt/20220731/01
   Checking /var/opt/common5/mdt/20220731/02
   Checking /var/opt/common5/mdt/20220731/03
   Checking /var/opt/common5/mdt/20220731/04
   Checking /var/opt/common5/mdt/20220731/05
   Checking /var/opt/common5/mdt/20220731/06
   Checking /var/opt/common5/mdt/20220731/07
   Checking /var/opt/common5/mdt/20220731/08
   Checking /var/opt/common5/mdt/20220731/09
   Checking /var/opt/common5/mdt/20220731/10
   Checking /var/opt/common5/mdt/20220731/11
   Checking /var/opt/common5/mdt/20220731/12
   Checking /var/opt/common5/mdt/20220731/13
   Checking /var/opt/common5/mdt/20220731/14
   Checking /var/opt/common5/mdt/20220731/15
   Checking /var/opt/common5/mdt/20220731/16
   Checking /var/opt/common5/mdt/20220731/17
   Checking /var/opt/common5/mdt/20220731/18
   Checking /var/opt/common5/mdt/20220731/19
   Checking /var/opt/common5/mdt/20220731/20
   Checking /var/opt/common5/mdt/20220731/21
   Checking /var/opt/common5/mdt/20220731/22
   Checking /var/opt/common5/mdt/20220731/23
combining data for ue_traffic done. Number of columns: 14
ue_traffic initial raw: 18290548
ue_traffic valid raw: 18290548
Processing done, continue with pandas on 2022-08-01 14:33:51.371711
grid_mdt_meas complete on 2022-08-01 14:34:33.511458
zipping grid mdt meas.....
   Binning 10mx10m Throughput...........
Processing done, continue with pandas on 2022-08-01 14:40:06.996740
grid10_mdt_meas complete on 2022-08-01 14:43:12.855738
zipping grid mdt meas.....
   Checking /var/opt/common5/mdt/20220731/00
   Checking /var/opt/common5/mdt/20220731/01
   Checking /var/opt/common5/mdt/20220731/02
   Checking /var/opt/common5/mdt/20220731/03
   Checking /var/opt/common5/mdt/20220731/04
   Checking /var/opt/common5/mdt/20220731/05
   Checking /var/opt/common5/mdt/20220731/06
   Checking /var/opt/common5/mdt/20220731/07
   Checking /var/opt/common5/mdt/20220731/08
   Checking /var/opt/common5/mdt/20220731/09
   Checking /var/opt/common5/mdt/20220731/10
   Checking /var/opt/common5/mdt/20220731/11
   Checking /var/opt/common5/mdt/20220731/12
   Checking /var/opt/common5/mdt/20220731/13
   Checking /var/opt/common5/mdt/20220731/14
   Checking /var/opt/common5/mdt/20220731/15
   Checking /var/opt/common5/mdt/20220731/16
   Checking /var/opt/common5/mdt/20220731/17
   Checking /var/opt/common5/mdt/20220731/18
   Checking /var/opt/common5/mdt/20220731/19
   Checking /var/opt/common5/mdt/20220731/20
   Checking /var/opt/common5/mdt/20220731/21
   Checking /var/opt/common5/mdt/20220731/22
   Checking /var/opt/common5/mdt/20220731/23
combining data for ue_meas done. Number of columns: 44
ue_meas initial raw: 18290565
ue_meas valid raw: 18290565
Processing done, continue with pandas on 2022-08-01 14:50:09.882340
grid_mdt_meas complete on 2022-08-01 14:51:13.787163
zipping grid mdt meas.....
grid_mdt_meas complete on 2022-08-01 14:51:43.767233
   Binning 10mx10m CQI...........
Processing done, continue with pandas on 2022-08-01 14:56:51.063902
grid10_mdt_meas complete on 2022-08-01 15:01:28.664483
zipping grid mdt meas.....
grid_mdt_meas complete on 2022-08-01 15:06:42.707604
Collecting data 2023-02-09 
Collecting data 2023-02-09 on 2023-02-16 23:43:47.669448
Collecting data 2023-02-09 
Collecting data 2023-02-09 on 2023-02-16 23:44:13.975835
    ENIQ5 Processing done with duration: 0:00:39.625124
Total duration time: 0:01:43.327534
Result on /var/opt/common5/eniq/daily_cell_20230209.zip
Collecting data 2023-02-10 
Collecting data 2023-02-10 on 2023-02-16 23:46:25.057463
Total duration time: 0:01:46.003509
Result on /var/opt/common5/eniq/daily_cell_20230210.zip
Collecting data 2023-02-11 
Collecting data 2023-02-11 on 2023-02-16 23:48:36.038639
    ENIQ5 Processing done with duration: 0:00:42.663402
Total duration time: 0:01:37.784000
Result on /var/opt/common5/eniq/daily_cell_20230211.zip
Collecting data 2023-02-12 
Collecting data 2023-02-12 on 2023-02-16 23:50:47.360898
    WRAN2 20230209 09 Processing done with duration: 0:00:43.631167
    WRAN2 20230209 10 Processing done with duration: 0:01:16.073294
    WRAN2 20230209 11 Processing done with duration: 0:00:43.535618
    WRAN2 20230209 15 Processing done with duration: 0:01:01.022209
    WRAN2 20230209 16 Processing done with duration: 0:00:49.908732
    WRAN2 20230209 17 Processing done with duration: 0:00:47.544566
    ENIQ5 20230209 09 Processing done with duration: 0:00:23.393550
    ENIQ5 20230209 10 Processing done with duration: 0:00:24.236000
    ENIQ5 20230209 11 Processing done with duration: 0:00:33.445780
    ENIQ5 20230209 21 Processing done with duration: 0:00:20.197847
    ENIQ5 20230209 22 Processing done with duration: 0:00:24.290277
    ENIQ5 20230209 23 Processing done with duration: 0:00:22.359993
    WRAN2 20230209 00 Processing done with duration: 0:00:41.914984
    WRAN2 20230209 01 Processing done with duration: 0:01:17.404543
    WRAN2 20230209 02 Processing done with duration: 0:00:41.560598
    WRAN2 20230209 12 Processing done with duration: 0:01:00.684694
    WRAN2 20230209 13 Processing done with duration: 0:00:52.216000
    WRAN2 20230209 14 Processing done with duration: 0:00:45.875917
    ENIQ5 20230209 06 Processing done with duration: 0:00:22.634760
    ENIQ5 20230209 07 Processing done with duration: 0:00:24.334482
    ENIQ5 20230209 08 Processing done with duration: 0:00:33.187429
    ENIQ5 20230209 12 Processing done with duration: 0:00:21.366731
    ENIQ5 20230209 13 Processing done with duration: 0:00:24.482513
    ENIQ5 20230209 14 Processing done with duration: 0:00:22.975684
Total duration time: 0:01:48.749600
Result on /var/opt/common5/eniq/daily_cell_20230212.zip
Collecting data 2023-02-13 
Collecting data 2023-02-13 on 2023-02-16 23:52:58.022519
Total duration time: 0:01:17.637200
Result on /var/opt/common5/eniq/daily_cell_20230213.zip
Collecting data 2023-02-14 
Collecting data 2023-02-14 on 2023-02-16 23:54:34.416790
    WRAN2 Processing done with duration: 0:01:14.499500
Total duration time: 0:01:14.752042
Result on /var/opt/common5/eniq/daily_cell_20230214.zip
Total duration time: 0:08:51.292780
Result on /var/opt/common5/eniq/hourly_cell_20230209.zip
Collecting data 2023-02-10 
Collecting data 2023-02-10 on 2023-02-16 23:58:43.688642
Total duration time: 0:18:11.956901
Result on /var/opt/common5/eniq/hourly_cell_20230210.zip
Collecting data 2023-02-11 
Collecting data 2023-02-11 on 2023-02-17 00:24:55.849255
    WRAN2 20230211 03 Processing done with duration: 0:00:43.568145
    WRAN2 20230211 04 Processing done with duration: 0:00:40.099966
    WRAN2 20230211 05 Processing done with duration: 0:00:50.919129
    WRAN2 20230211 15 Processing done with duration: 0:00:39.987347
    WRAN2 20230211 16 Processing done with duration: 0:00:49.964070
    WRAN2 20230211 17 Processing done with duration: 0:00:51.465001
    ENIQ5 20230211 03 Processing done with duration: 0:00:27.372168
    ENIQ5 20230211 04 Processing done with duration: 0:00:36.730521
    ENIQ5 20230211 05 Processing done with duration: 0:00:31.651018
    ENIQ5 20230211 15 Processing done with duration: 0:00:31.306570
    ENIQ5 20230211 16 Processing done with duration: 0:00:28.803145
    ENIQ5 20230211 17 Processing done with duration: 0:00:25.642556
    WRAN2 20230211 06 Processing done with duration: 0:00:45.057363
    WRAN2 20230211 07 Processing done with duration: 0:00:40.020576
    WRAN2 20230211 08 Processing done with duration: 0:00:51.198099
    WRAN2 20230211 18 Processing done with duration: 0:00:36.991272
    WRAN2 20230211 19 Processing done with duration: 0:00:48.241267
    WRAN2 20230211 20 Processing done with duration: 0:00:52.380485
    ENIQ5 20230211 00 Processing done with duration: 0:00:28.910079
    ENIQ5 20230211 01 Processing done with duration: 0:00:37.194111
    ENIQ5 20230211 02 Processing done with duration: 0:00:31.671554
    ENIQ5 20230211 12 Processing done with duration: 0:00:30.379882
    ENIQ5 20230211 13 Processing done with duration: 0:00:28.304353
    ENIQ5 20230211 14 Processing done with duration: 0:00:25.860224
    WRAN2 20230211 00 Processing done with duration: 0:00:44.037311
    WRAN2 20230211 01 Processing done with duration: 0:00:39.644079
    WRAN2 20230211 02 Processing done with duration: 0:00:47.357552
    WRAN2 20230211 12 Processing done with duration: 0:00:38.272035
    WRAN2 20230211 13 Processing done with duration: 0:00:51.847883
    WRAN2 20230211 14 Processing done with duration: 0:00:53.209310
    ENIQ5 20230211 09 Processing done with duration: 0:00:25.841771
    ENIQ5 20230211 10 Processing done with duration: 0:00:38.349445
    ENIQ5 20230211 11 Processing done with duration: 0:00:32.457112
    ENIQ5 20230211 18 Processing done with duration: 0:00:31.831196
    ENIQ5 20230211 19 Processing done with duration: 0:00:28.425592
    ENIQ5 20230211 20 Processing done with duration: 0:00:26.405567
Total duration time: 0:09:22.920056
Result on /var/opt/common5/eniq/hourly_cell_20230211.zip
Collecting data 2023-02-12 
Collecting data 2023-02-12 on 2023-02-17 00:44:58.355722
    WRAN2 20230212 00 Processing done with duration: 0:00:58.884105
    WRAN2 20230212 01 Processing done with duration: 0:01:02.597362
    WRAN2 20230212 02 Processing done with duration: 0:00:51.922953
    WRAN2 20230212 15 Processing done with duration: 0:01:00.624213
    WRAN2 20230212 16 Processing done with duration: 0:00:37.060072
    WRAN2 20230212 17 Processing done with duration: 0:00:44.600438
    ENIQ5 20230212 09 Processing done with duration: 0:00:23.758274
    ENIQ5 20230212 10 Processing done with duration: 0:00:21.293420
    ENIQ5 20230212 11 Processing done with duration: 0:00:19.651639
    ENIQ5 20230212 18 Processing done with duration: 0:00:20.416734
    ENIQ5 20230212 19 Processing done with duration: 0:00:23.924279
    ENIQ5 20230212 20 Processing done with duration: 0:00:20.393572
    WRAN2 20230212 09 Processing done with duration: 0:00:58.611490
    WRAN2 20230212 10 Processing done with duration: 0:01:03.376843
    WRAN2 20230212 11 Processing done with duration: 0:00:53.435448
    WRAN2 20230212 21 Processing done with duration: 0:01:03.173053
    WRAN2 20230212 22 Processing done with duration: 0:00:44.744645
    WRAN2 20230212 23 Processing done with duration: 0:00:40.258701
    ENIQ5 20230212 03 Processing done with duration: 0:00:27.644654
    ENIQ5 20230212 04 Processing done with duration: 0:00:19.648466
    ENIQ5 20230212 05 Processing done with duration: 0:00:19.500828
    ENIQ5 20230212 21 Processing done with duration: 0:00:19.951891
    ENIQ5 20230212 22 Processing done with duration: 0:00:25.100311
    ENIQ5 20230212 23 Processing done with duration: 0:00:20.194603
Total duration time: 0:08:41.968990
Result on /var/opt/common5/eniq/hourly_cell_20230212.zip
Collecting data 2023-02-13 
Collecting data 2023-02-13 on 2023-02-17 00:59:38.121002
    WRAN2 20230213 06 Processing done with duration: 0:00:43.003354
    WRAN2 20230213 07 Processing done with duration: 0:00:37.252458
    WRAN2 20230213 08 Processing done with duration: 0:00:48.980184
    WRAN2 20230213 15 Processing done with duration: 0:00:40.370226
    WRAN2 20230213 16 Processing done with duration: 0:00:46.570524
    WRAN2 20230213 17 Processing done with duration: 0:00:34.053919
    ENIQ5 20230213 03 Processing done with duration: 0:00:19.187626
    ENIQ5 20230213 04 Processing done with duration: 0:00:19.362356
    ENIQ5 20230213 05 Processing done with duration: 0:00:18.747938
    ENIQ5 20230213 12 Processing done with duration: 0:00:19.654245
    ENIQ5 20230213 13 Processing done with duration: 0:00:19.645721
    ENIQ5 20230213 14 Processing done with duration: 0:00:19.760895
    WRAN2 20230213 00 Processing done with duration: 0:00:43.932161
    WRAN2 20230213 01 Processing done with duration: 0:00:36.014072
    WRAN2 20230213 02 Processing done with duration: 0:00:52.898332
    WRAN2 20230213 21 Processing done with duration: 0:00:38.751968
    WRAN2 20230213 22 Processing done with duration: 0:00:48.342347
    WRAN2 20230213 23 Processing done with duration: 0:00:32.424060
    ENIQ5 20230213 00 Processing done with duration: 0:00:21.058790
    ENIQ5 20230213 01 Processing done with duration: 0:00:19.185056
    ENIQ5 20230213 02 Processing done with duration: 0:00:19.079933
    ENIQ5 20230213 15 Processing done with duration: 0:00:18.455793
    ENIQ5 20230213 16 Processing done with duration: 0:00:19.538390
    ENIQ5 20230213 17 Processing done with duration: 0:00:20.020756
    WRAN2 20230213 03 Processing done with duration: 0:00:43.358349
    WRAN2 20230213 04 Processing done with duration: 0:00:36.968715
    WRAN2 20230213 05 Processing done with duration: 0:00:51.981431
    WRAN2 20230213 18 Processing done with duration: 0:00:41.643375
    WRAN2 20230213 19 Processing done with duration: 0:00:47.002574
    WRAN2 20230213 20 Processing done with duration: 0:00:35.847802
    ENIQ5 20230213 09 Processing done with duration: 0:00:18.833186
    ENIQ5 20230213 10 Processing done with duration: 0:00:19.396615
    ENIQ5 20230213 11 Processing done with duration: 0:00:19.431371
    ENIQ5 20230213 21 Processing done with duration: 0:00:18.694968
    ENIQ5 20230213 22 Processing done with duration: 0:00:19.638489
    ENIQ5 20230213 23 Processing done with duration: 0:00:19.770460
Total duration time: 0:06:58.232659
Result on /var/opt/common5/eniq/hourly_cell_20230213.zip
Collecting data 2023-02-14 
Collecting data 2023-02-14 on 2023-02-17 01:12:44.635991
    WRAN2 20230214 09 Processing done with duration: 0:00:36.236721
    WRAN2 20230214 10 Processing done with duration: 0:00:50.501059
    WRAN2 2023Total duration time: 0:06:59.476982
Result on /var/opt/common5/eniq/hourly_cell_20230214.zip
Collecting data 2023-02-15 
Collecting data 2023-02-15 on 2023-02-17 01:25:54.941497
    WRAN2 20230215 06 Processing done with duration: 0:00:34.761646
    WRAN2 20230215 07 Processing done with duration: 0:00:26.022242
    WRAN2 20230215 08 Processing done with duration: 0:00:24.403302
    WRAN2 20230215 12 Processing done with duration: 0:00:25.525999
    WRAN2 20230215 13 Processing done with duration: 0:00:26.626942
    WRAN2 20230215 14 Processing done with duration: 0:00:27.036039
    ENIQ5 20230215 00 Processing done with duration: 0:00:20.214465
    ENIQ5 20230215 01 Processing done with duration: 0:00:20.567287
    ENIQ5 20230215 02 Processing done with duration: 0:00:25.687637
    ENIQ5 20230215 12 Processing done with duration: 0:00:31.624850
    ENIQ5 20230215 13 Processing done with duration: 0:00:24.738918
    ENIQ5 20230215 14 Processing done with duration: 0:00:27.139486
    WRAN2 20230215 03 Processing done with duration: 0:00:37.987728
    WRAN2 20230215 04 Processing done with duration: 0:00:33.394064
    WRAN2 20230215 05 Processing done with duration: 0:00:29.687767
    WRAN2 20230215 18 Processing done with duration: 0:00:28.270901
    WRAN2 20230215 19 Processing done with duration: 0:00:25.556525
    WRAN2 20230215 20 Processing done with duration: 0:00:25.043609
    ENIQ5 20230215 06 Processing done with duration: 0:00:19.096959
    ENIQ5 20230215 07 Processing done with duration: 0:00:23.709458
    ENIQ5 20230215 08 Processing done with duration: 0:00:22.360149
    ENIQ5 20230215 15 Processing done with duration: 0:00:26.287201
    ENIQ5 20230215 16 Processing done with duration: 0:00:24.256935
    ENIQ5 20230215 17 Processing done with duration: 0:00:21.738574
Total duration time: 0:06:09.477761
Result on /var/opt/common5/eniq/hourly_cell_20230215.zip
Collecting data 2023-02-25 
Collecting data 2023-02-25 on 2023-03-02 17:10:48.517372
    WRAN2 20230225 03 Processing done with duration: 0:00:10.854797
    WRAN2 20230225 04 Processing done with duration: 0:00:00.689223
    WRAN2 20230225 05 Processing done with duration: 0:00:01.108319
    WRAN2 20230225 18 Processing done with duration: 0:00:01.644910
    WRAN2 20230225 19 Processing done with duration: 0:00:02.264216
    WRAN2 20230225 20 Processing done with duration: 0:00:00.862288
    ENIQ5 20230225 06 Processing done with duration: 0:00:02.283190
    ENIQ5 20230225 07 Processing done with duration: 0:00:01.359348
    ENIQ5 20230225 08 Processing done with duration: 0:00:01.238594
    ENIQ5 20230225 18 Processing done with duration: 0:00:01.200233
    ENIQ5 20230225 19 Processing done with duration: 0:00:01.317151
    ENIQ5 20230225 20 Processing done with duration: 0:00:01.183998
    WRAN2 20230225 06 Processing done with duration: 0:00:10.796598
    WRAN2 20230225 07 Processing done with duration: 0:00:00.611784
    WRAN2 20230225 08 Processing done with duration: 0:00:00.813744
    WRAN2 20230225 12 Processing done with duration: 0:00:01.237809
    WRAN2 20230225 13 Processing done with duration: 0:00:01.714926
    WRAN2 20230225 14 Processing done with duration: 0:00:01.512615
    ENIQ5 20230225 00 Processing done with duration: 0:00:02.591181
    ENIQ5 20230225 01 Processing done with duration: 0:00:01.316912
    ENIQ5 20230225 02 Processing done with duration: 0:00:01.199546
    ENIQ5 20230225 15 Processing done with duration: 0:00:01.209613
    ENIQ5 20230225 16 Processing done with duration: 0:00:01.297674
    ENIQ5 20230225 17 Processing done with duration: 0:00:01.284869
    WRAN2 20230225 00 Processing done with duration: 0:00:10.845840
    WRAN2 20230225 01 Processing done with duration: 0:00:00.721740
    WRAN2 20230225 02 Processing done with duration: 0:00:01.073557
    WRAN2 20230225 15 Processing done with duration: 0:00:01.364177
    WRAN2 20230225 16 Processing done with duration: 0:00:01.698422
    WRAN2 20230225 17 Processing done with duration: 0:00:01.494706
    ENIQ5 20230225 03 Processing done with duration: 0:00:02.553274
    ENIQ5 20230225 04 Processing done with duration: 0:00:01.259957
    ENIQ5 20230225 05 Processing done with duration: 0:00:01.217323
    ENIQ5 20230225 12 Processing done with duration: 0:00:01.249096
    ENIQ5 20230225 13 Processing done with duration: 0:00:01.356253
    ENIQ5 20230225 14 Processing done with duration: 0:00:01.267812
    WRAN2 20230225 09 Processing done with duration: 0:00:10.884767
    WRAN2 20230225 10 Processing done with duration: 0:00:00.636373
    WRAN2 20230225 11 Processing done with duration: 0:00:01.190249
    WRAN2 20230225 21 Processing done with duration: 0:00:02.173309
    WRAN2 20230225 22 Processing done with duration: 0:00:02.100084
    WRAN2 20230225 23 Processing done with duration: 0:00:00.608070
    ENIQ5 20230225 09 Processing done with duration: 0:00:02.189269
    ENIQ5 20230225 10 Processing done with duration: 0:00:01.256499
    ENIQ5 20230225 11 Processing done with duration: 0:00:01.331130
    ENIQ5 20230225 21 Processing done with duration: 0:00:01.217372
    ENIQ5 20230225 22 Processing done with duration: 0:00:01.190833
    ENIQ5 20230225 23 Processing done with duration: 0:00:01.310908
Total duration time: 0:00:26.361493
Result on /var/opt/common5/eniq/hourly_nr_cell_20230225.zip
Collecting data 2023-02-26 
Collecting data 2023-02-26 on 2023-03-02 17:11:15.698649
    WRAN2 20230226 00 Processing done with duration: 0:00:01.199857
    WRAN2 20230226 01 Processing done with duration: 0:00:00.777665
    WRAN2 20230226 02 Processing done with duration: 0:00:00.739326
    WRAN2 20230226 18 Processing done with duration: 0:00:00.739674
    WRAN2 20230226 19 Processing done with duration: 0:00:00.912554
    WRAN2 20230226 20 Processing done with duration: 0:00:01.644516
    ENIQ5 20230226 00 Processing done with duration: 0:00:01.474835
    ENIQ5 20230226 01 Processing done with duration: 0:00:01.340972
    ENIQ5 20230226 02 Processing done with duration: 0:00:01.275354
    ENIQ5 20230226 21 Processing done with duration: 0:00:01.273777
    ENIQ5 20230226 22 Processing done with duration: 0:00:01.207795
    ENIQ5 20230226 23 Processing done with duration: 0:00:01.212970
    WRAN2 20230226 03 Processing done with duration: 0:00:01.249795
    WRAN2 20230226 04 Processing done with duration: 0:00:00.717682
    WRAN2 20230226 05 Processing done with duration: 0:00:00.743288
    WRAN2 20230226 12 Processing done with duration: 0:00:00.797653
    WRAN2 20230226 13 Processing done with duration: 0:00:00.993185
    WRAN2 20230226 14 Processing done with duration: 0:00:01.774787
    ENIQ5 20230226 09 Processing done with duration: 0:00:01.217267
    ENIQ5 20230226 10 Processing done with duration: 0:00:01.288498
    ENIQ5 20230226 11 Processing done with duration: 0:00:01.279883
    ENIQ5 20230226 12 Processing done with duration: 0:00:01.360930
    ENIQ5 20230226 13 Processing done with duration: 0:00:01.224390
    ENIQ5 20230226 14 Processing done with duration: 0:00:01.208879
    WRAN2 20230226 06 Processing done with duration: 0:00:01.309066
    WRAN2 20230226 07 Processing done with duration: 0:00:00.790787
    WRAN2 20230226 08 Processing done with duration: 0:00:00.718807
    WRAN2 20230226 21 Processing done with duration: 0:00:00.792514
    WRAN2 20230226 22 Processing done with duration: 0:00:00.923875
    WRAN2 20230226 23 Processing done with duration: 0:00:01.668992
    ENIQ5 20230226 06 Processing done with duration: 0:00:01.346605
    ENIQ5 20230226 07 Processing done with duration: 0:00:01.342962
    ENIQ5 20230226 08 Processing done with duration: 0:00:01.284787
    ENIQ5 20230226 18 Processing done with duration: 0:00:01.240174
    ENIQ5 20230226 19 Processing done with duration: 0:00:01.376616
    ENIQ5 20230226 20 Processing done with duration: 0:00:01.187862
    WRAN2 20230226 09 Processing done with duration: 0:00:01.198809
    WRAN2 20230226 10 Processing done with duration: 0:00:00.745915
    WRAN2 20230226 11 Processing done with duration: 0:00:00.747033
    WRAN2 20230226 15 Processing done with duration: 0:00:00.786214
    WRAN2 20230226 16 Processing done with duration: 0:00:00.887802
    WRAN2 20230226 17 Processing done with duration: 0:00:01.661162
    ENIQ5 20230226 03 Processing done with duration: 0:00:01.404407
    ENIQ5 20230226 04 Processing done with duration: 0:00:01.279442
    ENIQ5 20230226 05 Processing done with duration: 0:00:01.284112
    ENIQ5 20230226 15 Processing done with duration: 0:00:01.312714
    ENIQ5 20230226 16 Processing done with duration: 0:00:01.362050
    ENIQ5 20230226 17 Processing done with duration: 0:00:01.201792
Total duration time: 0:00:14.419353
Result on /var/opt/common5/eniq/hourly_nr_cell_20230226.zip
Collecting data 2023-02-27 
Collecting data 2023-02-27 on 2023-03-02 17:11:30.753543
    WRAN2 20230227 09 Processing done with duration: 0:00:01.022802
    WRAN2 20230227 10 Processing done with duration: 0:00:00.781913
    WRAN2 20230227 11 Processing done with duration: 0:00:00.668811
    WRAN2 20230227 15 Processing done with duration: 0:00:00.768748
    WRAN2 20230227 16 Processing done with duration: 0:00:00.785634
    WRAN2 20230227 17 Processing done with duration: 0:00:00.726069
    ENIQ5 20230227 00 Processing done with duration: 0:00:01.833760
    ENIQ5 20230227 01 Processing done with duration: 0:00:01.313020
    ENIQ5 20230227 02 Processing done with duration: 0:00:01.350324
    ENIQ5 20230227 21 Processing done with duration: 0:00:01.263539
    ENIQ5 20230227 22 Processing done with duration: 0:00:01.312213
    ENIQ5 20230227 23 Processing done with duration: 0:00:01.239848
    WRAN2 20230227 03 Processing done with duration: 0:00:00.998908
    WRAN2 20230227 04 Processing done with duration: 0:00:00.767543
    WRAN2 20230227 05 Processing done with duration: 0:00:00.739297
    WRAN2 20230227 21 Processing done with duration: 0:00:00.823063
    WRAN2 20230227 22 Processing done with duration: 0:00:00.722053
    WRAN2 20230227 23 Processing done with duration: 0:00:00.785509
    ENIQ5 20230227 06 Processing done with duration: 0:00:01.790453
    ENIQ5 20230227 07 Processing done with duration: 0:00:01.368590
    ENIQ5 20230227 08 Processing done with duration: 0:00:01.198962
    ENIQ5 20230227 12 Processing done with duration: 0:00:01.315182
    ENIQ5 20230227 13 Processing done with duration: 0:00:01.329101
    ENIQ5 20230227 14 Processing done with duration: 0:00:01.259544
    WRAN2 20230227 00 Processing done with duration: 0:00:01.004908
    WRAN2 20230227 01 Processing done with duration: 0:00:00.746570
    WRAN2 20230227 02 Processing done with duration: 0:00:00.740054
    WRAN2 20230227 18 Processing done with duration: 0:00:00.782059
    WRAN2 20230227 19 Processing done with duration: 0:00:00.867456
    WRAN2 20230227 20 Processing done with duration: 0:00:00.749621
    ENIQ5 20230227 09 Processing done with duration: 0:00:01.749133
    ENIQ5 20230227 10 Processing done with duration: 0:00:01.353465
    ENIQ5 20230227 11 Processing done with duration: 0:00:01.223433
    ENIQ5 20230227 18 Processing done with duration: 0:00:01.227214
    ENIQ5 20230227 19 Processing done with duration: 0:00:01.434377
    ENIQ5 20230227 20 Processing done with duration: 0:00:01.283334
    WRAN2 20230227 06 Processing done with duration: 0:00:00.992655
    WRAN2 20230227 07 Processing done with duration: 0:00:00.782398
    WRAN2 20230227 08 Processing done with duration: 0:00:00.708649
    WRAN2 20230227 12 Processing done with duration: 0:00:00.783772
    WRAN2 20230227 13 Processing done with duration: 0:00:00.771932
    WRAN2 20230227 14 Processing done with duration: 0:00:00.767429
    ENIQ5 20230227 03 Processing done with duration: 0:00:01.792394
    ENIQ5 20230227 04 Processing done with duration: 0:00:01.297902
    ENIQ5 20230227 05 Processing done with duration: 0:00:01.321788
    ENIQ5 20230227 15 Processing done with duration: 0:00:01.287806
    ENIQ5 20230227 16 Processing done with duration: 0:00:01.442837
    ENIQ5 20230227 17 Processing done with duration: 0:00:01.229295
Total duration time: 0:00:13.353342
Result on /var/opt/common5/eniq/hourly_nr_cell_20230227.zip
Collecting data 2023-02-28 
Collecting data 2023-02-28 on 2023-03-02 17:11:44.828628
    WRAN2 20230228 06 Processing done with duration: 0:00:01.123466
    WRAN2 20230228 07 Processing done with duration: 0:00:00.827645
    WRAN2 20230228 08 Processing done with duration: 0:00:00.800109
    WRAN2 20230228 15 Processing done with duration: 0:00:00.854242
    WRAN2 20230228 16 Processing done with duration: 0:00:00.889839
    WRAN2 20230228 17 Processing done with duration: 0:00:00.775154
    ENIQ5 20230228 00 Processing done with duration: 0:00:01.350361
    ENIQ5 20230228 01 Processing done with duration: 0:00:01.295131
    ENIQ5 20230228 02 Processing done with duration: 0:00:01.315362
    ENIQ5 20230228 15 Processing done with duration: 0:00:01.247817
    ENIQ5 20230228 16 Processing done with duration: 0:00:01.197557
    ENIQ5 20230228 17 Processing done with duration: 0:00:01.251410
    WRAN2 20230228 09 Processing done with duration: 0:00:01.091870
    WRAN2 20230228 10 Processing done with duration: 0:00:00.980756
    WRAN2 20230228 11 Processing done with duration: 0:00:00.665333
    WRAN2 20230228 12 Processing done with duration: 0:00:00.934120
    WRAN2 20230228 13 Processing done with duration: 0:00:00.894134
    WRAN2 20230228 14 Processing done with duration: 0:00:00.780451
    ENIQ5 20230228 03 Processing done with duration: 0:00:01.363170
    ENIQ5 20230228 04 Processing done with duration: 0:00:01.349487
    ENIQ5 20230228 05 Processing done with duration: 0:00:01.222920
    ENIQ5 20230228 12 Processing done with duration: 0:00:01.302686
    ENIQ5 20230228 13 Processing done with duration: 0:00:01.214698
    ENIQ5 20230228 14 Processing done with duration: 0:00:01.235216
    WRAN2 20230228 00 Processing done with duration: 0:00:01.116093
    WRAN2 20230228 01 Processing done with duration: 0:00:00.897200
    WRAN2 20230228 02 Processing done with duration: 0:00:00.829886
    WRAN2 20230228 21 Processing done with duration: 0:00:00.760307
    WRAN2 20230228 22 Processing done with duration: 0:00:01.049534
    WRAN2 20230228 23 Processing done with duration: 0:00:00.909710
    ENIQ5 20230228 09 Processing done with duration: 0:00:01.110718
    ENIQ5 20230228 10 Processing done with duration: 0:00:01.286361
    ENIQ5 20230228 11 Processing done with duration: 0:00:01.466961
    ENIQ5 20230228 21 Processing done with duration: 0:00:01.264032
    ENIQ5 20230228 22 Processing done with duration: 0:00:01.221009
    ENIQ5 20230228 23 Processing done with duration: 0:00:01.210202
    WRAN2 20230228 03 Processing done with duration: 0:00:01.035802
    WRAN2 20230228 04 Processing done with duration: 0:00:00.974089
    WRAN2 20230228 05 Processing done with duration: 0:00:00.772220
    WRAN2 20230228 18 Processing done with duration: 0:00:00.911207
    WRAN2 20230228 19 Processing done with duration: 0:00:00.826216
    WRAN2 20230228 20 Processing done with duration: 0:00:00.824260
    ENIQ5 20230228 06 Processing done with duration: 0:00:01.316212
    ENIQ5 20230228 07 Processing done with duration: 0:00:01.403587
    ENIQ5 20230228 08 Processing done with duration: 0:00:01.322658
    ENIQ5 20230228 18 Processing done with duration: 0:00:01.278570
    ENIQ5 20230228 19 Processing done with duration: 0:00:01.186171
    ENIQ5 20230228 20 Processing done with duration: 0:00:01.223927
Total duration time: 0:00:13.277127
Result on /var/opt/common5/eniq/hourly_nr_cell_20230228.zip
Collecting data 2023-03-01 
Collecting data 2023-03-01 on 2023-03-02 17:11:58.807193
    WRAN2 20230301 03 Processing done with duration: 0:00:01.172362
    WRAN2 20230301 04 Processing done with duration: 0:00:00.805080
    WRAN2 20230301 05 Processing done with duration: 0:00:01.042157
    WRAN2 20230301 18 Processing done with duration: 0:00:00.875050
    WRAN2 20230301 19 Processing done with duration: 0:00:00.917692
    WRAN2 20230301 20 Processing done with duration: 0:00:00.915639
    ENIQ5 20230301 06 Processing done with duration: 0:00:01.316657
    ENIQ5 20230301 07 Processing done with duration: 0:00:01.219377
    ENIQ5 20230301 08 Processing done with duration: 0:00:01.256230
    ENIQ5 20230301 18 Processing done with duration: 0:00:01.243546
    ENIQ5 20230301 19 Processing done with duration: 0:00:01.350016
    ENIQ5 20230301 20 Processing done with duration: 0:00:01.282854
    WRAN2 20230301 00 Processing done with duration: 0:00:01.145754
    WRAN2 20230301 01 Processing done with duration: 0:00:00.867212
    WRAN2 20230301 02 Processing done with duration: 0:00:00.922398
    WRAN2 20230301 12 Processing done with duration: 0:00:00.988822
    WRAN2 20230301 13 Processing done with duration: 0:00:00.840486
    WRAN2 20230301 14 Processing done with duration: 0:00:00.908165
    ENIQ5 20230301 03 Processing done with duration: 0:00:01.217289
    ENIQ5 20230301 04 Processing done with duration: 0:00:01.223688
    ENIQ5 20230301 05 Processing done with duration: 0:00:01.391277
    ENIQ5 20230301 21 Processing done with duration: 0:00:01.329871
    ENIQ5 20230301 22 Processing done with duration: 0:00:01.229266
    ENIQ5 20230301 23 Processing done with duration: 0:00:01.301277
    WRAN2 20230301 09 Processing done with duration: 0:00:01.078774
    WRAN2 20230301 10 Processing done with duration: 0:00:00.869069
    WRAN2 20230301 11 Processing done with duration: 0:00:01.077180
    WRAN2 20230301 21 Processing done with duration: 0:00:00.864298
    WRAN2 20230301 22 Processing done with duration: 0:00:01.025746
    WRAN2 20230301 23 Processing done with duration: 0:00:00.812358
    ENIQ5 20230301 09 Processing done with duration: 0:00:01.161967
    ENIQ5 20230301 10 Processing done with duration: 0:00:01.253458
    ENIQ5 20230301 11 Processing done with duration: 0:00:01.282322
    ENIQ5 20230301 15 Processing done with duration: 0:00:01.472904
    ENIQ5 20230301 16 Processing done with duration: 0:00:01.290355
    ENIQ5 20230301 17 Processing done with duration: 0:00:01.273021
    WRAN2 20230301 06 Processing done with duration: 0:00:01.073956
    WRAN2 20230301 07 Processing done with duration: 0:00:00.903430
    WRAN2 20230301 08 Processing done with duration: 0:00:00.987934
    WRAN2 20230301 15 Processing done with duration: 0:00:01.014551
    WRAN2 20230301 16 Processing done with duration: 0:00:00.873857
    WRAN2 20230301 17 Processing done with duration: 0:00:00.744709
    ENIQ5 20230301 00 Processing done with duration: 0:00:01.371720
    ENIQ5 20230301 01 Processing done with duration: 0:00:01.174333
    ENIQ5 20230301 02 Processing done with duration: 0:00:01.255294
    ENIQ5 20230301 12 Processing done with duration: 0:00:01.348824
    ENIQ5 20230301 13 Processing done with duration: 0:00:01.368454
    ENIQ5 20230301 14 Processing done with duration: 0:00:01.354654
Total duration time: 0:00:13.663254
Result on /var/opt/common5/eniq/hourly_nr_cell_20230301.zip
combining MDT 20230502
   Checking /var/opt/common5/mdt/20230502/00
   Checking /var/opt/common5/mdt/20230502/01
   Checking /var/opt/common5/mdt/20230502/02
   Checking /var/opt/common5/mdt/20230502/03
   Checking /var/opt/common5/mdt/20230502/04
   Checking /var/opt/common5/mdt/20230502/05
   Checking /var/opt/common5/mdt/20230502/06
   Checking /var/opt/common5/mdt/20230502/07
   Checking /var/opt/common5/mdt/20230502/08
   Checking /var/opt/common5/mdt/20230502/09
   Checking /var/opt/common5/mdt/20230502/10
   Checking /var/opt/common5/mdt/20230502/11
   Checking /var/opt/common5/mdt/20230502/12
   Checking /var/opt/common5/mdt/20230502/13
   Checking /var/opt/common5/mdt/20230502/14
   Checking /var/opt/common5/mdt/20230502/15
   Checking /var/opt/common5/mdt/20230502/16
   Checking /var/opt/common5/mdt/20230502/17
   Checking /var/opt/common5/mdt/20230502/18
   Checking /var/opt/common5/mdt/20230502/19
   Checking /var/opt/common5/mdt/20230502/20
   Checking /var/opt/common5/mdt/20230502/21
   Checking /var/opt/common5/mdt/20230502/22
   Checking /var/opt/common5/mdt/20230502/23
combining data for result_ue_cap done. Number of columns: 100
processing ue cap
   Checking /var/opt/common5/mdt/20230502/00
   Checking /var/opt/common5/mdt/20230502/01
   Checking /var/opt/common5/mdt/20230502/02
   Checking /var/opt/common5/mdt/20230502/03
   Checking /var/opt/common5/mdt/20230502/04
   Checking /var/opt/common5/mdt/20230502/05
   Checking /var/opt/common5/mdt/20230502/06
   Checking /var/opt/common5/mdt/20230502/07
   Checking /var/opt/common5/mdt/20230502/08
   Checking /var/opt/common5/mdt/20230502/09
   Checking /var/opt/common5/mdt/20230502/10
   Checking /var/opt/common5/mdt/20230502/11
   Checking /var/opt/common5/mdt/20230502/12
   Checking /var/opt/common5/mdt/20230502/13
   Checking /var/opt/common5/mdt/20230502/14
   Checking /var/opt/common5/mdt/20230502/15
   Checking /var/opt/common5/mdt/20230502/16
   Checking /var/opt/common5/mdt/20230502/17
   Checking /var/opt/common5/mdt/20230502/18
   Checking /var/opt/common5/mdt/20230502/19
   Checking /var/opt/common5/mdt/20230502/20
   Checking /var/opt/common5/mdt/20230502/21
   Checking /var/opt/common5/mdt/20230502/22
   Checking /var/opt/common5/mdt/20230502/23
combining data for mdt_result done. Number of columns: 9
mdt_result initial raw: 54304258
mdt_result valid raw: 54304258
     transform coordinate to quadkey20
         ....done
     transform quadkey20 to coordinate
         ....done
Processing done, continue with pandas on 2023-05-05 03:27:24.340263
grid_mdt complete on 2023-05-05 03:27:46.900471
zipping grid_mdt.....
   Checking /var/opt/common5/mdt/20230502/00
   Checking /var/opt/common5/mdt/20230502/01
   Checking /var/opt/common5/mdt/20230502/02
   Checking /var/opt/common5/mdt/20230502/03
   Checking /var/opt/common5/mdt/20230502/04
   Checking /var/opt/common5/mdt/20230502/05
   Checking /var/opt/common5/mdt/20230502/06
   Checking /var/opt/common5/mdt/20230502/07
   Checking /var/opt/common5/mdt/20230502/08
   Checking /var/opt/common5/mdt/20230502/09
   Checking /var/opt/common5/mdt/20230502/10
   Checking /var/opt/common5/mdt/20230502/11
   Checking /var/opt/common5/mdt/20230502/12
   Checking /var/opt/common5/mdt/20230502/13
   Checking /var/opt/common5/mdt/20230502/14
   Checking /var/opt/common5/mdt/20230502/15
   Checking /var/opt/common5/mdt/20230502/16
   Checking /var/opt/common5/mdt/20230502/17
   Checking /var/opt/common5/mdt/20230502/18
   Checking /var/opt/common5/mdt/20230502/19
   Checking /var/opt/common5/mdt/20230502/20
   Checking /var/opt/common5/mdt/20230502/21
   Checking /var/opt/common5/mdt/20230502/22
   Checking /var/opt/common5/mdt/20230502/23
combining data for ue_traffic done. Number of columns: 14
ue_traffic initial raw: 23306016
ue_traffic valid raw: 23306016
     transform coordinate to quadkey20
         ....done
     transform quadkey20 to coordinate
         ....done
Processing done, continue with pandas on 2023-05-05 03:50:58.362024
grid_ue_traffic complete on 2023-05-05 03:51:24.590758
zipping grid_ue_traffic.....
   Checking /var/opt/common5/mdt/20230502/00
   Checking /var/opt/common5/mdt/20230502/01
   Checking /var/opt/common5/mdt/20230502/02
   Checking /var/opt/common5/mdt/20230502/03
   Checking /var/opt/common5/mdt/20230502/04
   Checking /var/opt/common5/mdt/20230502/05
   Checking /var/opt/common5/mdt/20230502/06
   Checking /var/opt/common5/mdt/20230502/07
   Checking /var/opt/common5/mdt/20230502/08
   Checking /var/opt/common5/mdt/20230502/09
   Checking /var/opt/common5/mdt/20230502/10
   Checking /var/opt/common5/mdt/20230502/11
   Checking /var/opt/common5/mdt/20230502/12
   Checking /var/opt/common5/mdt/20230502/13
   Checking /var/opt/common5/mdt/20230502/14
   Checking /var/opt/common5/mdt/20230502/15
   Checking /var/opt/common5/mdt/20230502/16
   Checking /var/opt/common5/mdt/20230502/17
   Checking /var/opt/common5/mdt/20230502/18
   Checking /var/opt/common5/mdt/20230502/19
   Checking /var/opt/common5/mdt/20230502/20
   Checking /var/opt/common5/mdt/20230502/21
   Checking /var/opt/common5/mdt/20230502/22
   Checking /var/opt/common5/mdt/20230502/23
combining data for ue_meas done. Number of columns: 44
ue_meas initial raw: 23306030
ue_meas valid raw: 23306030
     transform coordinate to quadkey20
         ....done
     transform quadkey20 to coordinate
         ....done
Processing done, continue with pandas on 2023-05-05 04:12:46.107694
grid_mdt_meas complete on 2023-05-05 04:13:16.993825
zipping grid mdt meas.....
combining MDT 20230503
   Checking /var/opt/common5/mdt/20230503/00
   Checking /var/opt/common5/mdt/20230503/01
   Checking /var/opt/common5/mdt/20230503/02
   Checking /var/opt/common5/mdt/20230503/03
   Checking /var/opt/common5/mdt/20230503/04
   Checking /var/opt/common5/mdt/20230503/05
   Checking /var/opt/common5/mdt/20230503/06
   Checking /var/opt/common5/mdt/20230503/07
   Checking /var/opt/common5/mdt/20230503/08
   Checking /var/opt/common5/mdt/20230503/09
   Checking /var/opt/common5/mdt/20230503/10
   Checking /var/opt/common5/mdt/20230503/11
   Checking /var/opt/common5/mdt/20230503/12
   Checking /var/opt/common5/mdt/20230503/13
   Checking /var/opt/common5/mdt/20230503/14
   Checking /var/opt/common5/mdt/20230503/15
   Checking /var/opt/common5/mdt/20230503/16
   Checking /var/opt/common5/mdt/20230503/17
   Checking /var/opt/common5/mdt/20230503/18
   Checking /var/opt/common5/mdt/20230503/19
   Checking /var/opt/common5/mdt/20230503/20
   Checking /var/opt/common5/mdt/20230503/21
   Checking /var/opt/common5/mdt/20230503/22
   Checking /var/opt/common5/mdt/20230503/23
combining data for result_ue_cap done. Number of columns: 100
processing ue cap
   Checking /var/opt/common5/mdt/20230503/00
   Checking /var/opt/common5/mdt/20230503/01
   Checking /var/opt/common5/mdt/20230503/02
   Checking /var/opt/common5/mdt/20230503/03
   Checking /var/opt/common5/mdt/20230503/04
   Checking /var/opt/common5/mdt/20230503/05
   Checking /var/opt/common5/mdt/20230503/06
   Checking /var/opt/common5/mdt/20230503/07
   Checking /var/opt/common5/mdt/20230503/08
   Checking /var/opt/common5/mdt/20230503/09
   Checking /var/opt/common5/mdt/20230503/10
   Checking /var/opt/common5/mdt/20230503/11
   Checking /var/opt/common5/mdt/20230503/12
   Checking /var/opt/common5/mdt/20230503/13
   Checking /var/opt/common5/mdt/20230503/14
   Checking /var/opt/common5/mdt/20230503/15
   Checking /var/opt/common5/mdt/20230503/16
   Checking /var/opt/common5/mdt/20230503/17
   Checking /var/opt/common5/mdt/20230503/18
   Checking /var/opt/common5/mdt/20230503/19
   Checking /var/opt/common5/mdt/20230503/20
   Checking /var/opt/common5/mdt/20230503/21
   Checking /var/opt/common5/mdt/20230503/22
   Checking /var/opt/common5/mdt/20230503/23
combining data for mdt_result done. Number of columns: 9
mdt_result initial raw: 54297702
mdt_result valid raw: 54297702
     transform coordinate to quadkey20
         ....done
     transform quadkey20 to coordinate
         ....done
Processing done, continue with pandas on 2023-05-05 09:15:21.365270
grid_mdt complete on 2023-05-05 09:15:51.225215
zipping grid_mdt.....
   Checking /var/opt/common5/mdt/20230503/00
   Checking /var/opt/common5/mdt/20230503/01
   Checking /var/opt/common5/mdt/20230503/02
   Checking /var/opt/common5/mdt/20230503/03
   Checking /var/opt/common5/mdt/20230503/04
   Checking /var/opt/common5/mdt/20230503/05
   Checking /var/opt/common5/mdt/20230503/06
   Checking /var/opt/common5/mdt/20230503/07
   Checking /var/opt/common5/mdt/20230503/08
   Checking /var/opt/common5/mdt/20230503/09
   Checking /var/opt/common5/mdt/20230503/10
   Checking /var/opt/common5/mdt/20230503/11
   Checking /var/opt/common5/mdt/20230503/12
   Checking /var/opt/common5/mdt/20230503/13
   Checking /var/opt/common5/mdt/20230503/14
   Checking /var/opt/common5/mdt/20230503/15
   Checking /var/opt/common5/mdt/20230503/16
   Checking /var/opt/common5/mdt/20230503/17
   Checking /var/opt/common5/mdt/20230503/18
   Checking /var/opt/common5/mdt/20230503/19
   Checking /var/opt/common5/mdt/20230503/20
   Checking /var/opt/common5/mdt/20230503/21
   Checking /var/opt/common5/mdt/20230503/22
   Checking /var/opt/common5/mdt/20230503/23
combining data for ue_traffic done. Number of columns: 14
ue_traffic initial raw: 23238500
ue_traffic valid raw: 23238500
     transform coordinate to quadkey20
         ....done
     transform quadkey20 to coordinate
         ....done
Processing done, continue with pandas on 2023-05-05 09:46:23.762353
grid_ue_traffic complete on 2023-05-05 09:47:18.427702
zipping grid_ue_traffic.....
   Checking /var/opt/common5/mdt/20230503/00
   Checking /var/opt/common5/mdt/20230503/01
   Checking /var/opt/common5/mdt/20230503/02
   Checking /var/opt/common5/mdt/20230503/03
   Checking /var/opt/common5/mdt/20230503/04
   Checking /var/opt/common5/mdt/20230503/05
   Checking /var/opt/common5/mdt/20230503/06
   Checking /var/opt/common5/mdt/20230503/07
   Checking /var/opt/common5/mdt/20230503/08
   Checking /var/opt/common5/mdt/20230503/09
   Checking /var/opt/common5/mdt/20230503/10
   Checking /var/opt/common5/mdt/20230503/11
   Checking /var/opt/common5/mdt/20230503/12
   Checking /var/opt/common5/mdt/20230503/13
   Checking /var/opt/common5/mdt/20230503/14
   Checking /var/opt/common5/mdt/20230503/15
   Checking /var/opt/common5/mdt/20230503/16
   Checking /var/opt/common5/mdt/20230503/17
   Checking /var/opt/common5/mdt/20230503/18
   Checking /var/opt/common5/mdt/20230503/19
   Checking /var/opt/common5/mdt/20230503/20
   Checking /var/opt/common5/mdt/20230503/21
   Checking /var/opt/common5/mdt/20230503/22
   Checking /var/opt/common5/mdt/20230503/23
combining data for ue_meas done. Number of columns: 44
ue_meas initial raw: 23238517
ue_meas valid raw: 23238517
     transform coordinate to quadkey20
         ....done
     transform quadkey20 to coordinate
         ....done
Processing done, continue with pandas on 2023-05-05 10:10:53.147813
grid_mdt_meas complete on 2023-05-05 10:11:29.969471
zipping grid mdt meas.....
